<?xml version="1.0" encoding="UTF-8"?>
<!-- Generated by org.testng.reporters.JUnitReportReporter -->
<testsuite skipped="0" hostname="DESKTOP-FBFQI3N" name="Week4.testcase1" tests="1" failures="0" timestamp="04 Feb 2022 00:00:35 GMT" time="9.287" errors="0">
  <testcase name="register" time="9.287" classname="Week4.testcase1"/>
</testsuite> <!-- Week4.testcase1 -->
